
Showing logs for build [32mcb-kubecd-bdd-gh-1597989223-pr-fxkv6-1[0m stage [32mfrom-build-pack[0m and container [32mstep-credential-initializer-zgmhh[0m
{"level":"info","ts":1597990198.4373298,"logger":"fallback-logger","caller":"logging/config.go:69","msg":"Fetch GitHub commit ID from kodata failed: open /var/run/ko/refs/heads/0.8.0-ns-support: no such file or directory"}
{"level":"info","ts":1597990198.4378855,"logger":"fallback-logger","caller":"creds-init/main.go:40","msg":"Credentials initialized."}

Showing logs for build [32mcb-kubecd-bdd-gh-1597989223-pr-fxkv6-1[0m stage [32mfrom-build-pack[0m and container [32mstep-working-dir-initializer-j84tk[0m
{"level":"info","ts":1597990199.2415478,"logger":"fallback-logger","caller":"logging/config.go:69","msg":"Fetch GitHub commit ID from kodata failed: open /var/run/ko/HEAD: no such file or directory"}
{"level":"info","ts":1597990199.2440152,"logger":"fallback-logger","caller":"bash/main.go:64","msg":"Successfully executed command \"sh -c mkdir -p /workspace/source\"; output "}

Showing logs for build [32mcb-kubecd-bdd-gh-1597989223-pr-fxkv6-1[0m stage [32mfrom-build-pack[0m and container [32mstep-place-tools[0m

Showing logs for build [32mcb-kubecd-bdd-gh-1597989223-pr-fxkv6-1[0m stage [32mfrom-build-pack[0m and container [32mstep-git-source-cb-kubecd-bdd-gh-1597989223-pr-fxkv6-czgz7[0m
{"level":"info","ts":1597990205.5509398,"logger":"fallback-logger","caller":"logging/config.go:69","msg":"Fetch GitHub commit ID from kodata failed: open /var/run/ko/refs/heads/0.8.0-ns-support: no such file or directory"}
{"level":"info","ts":1597990206.663445,"logger":"fallback-logger","caller":"git/git.go:103","msg":"Successfully cloned https://github.com/cb-kubecd/bdd-gh-1597989223.git @ master in path /workspace/source"}

Showing logs for build [32mcb-kubecd-bdd-gh-1597989223-pr-fxkv6-1[0m stage [32mfrom-build-pack[0m and container [32mstep-setup-builder-home[0m

Showing logs for build [32mcb-kubecd-bdd-gh-1597989223-pr-fxkv6-1[0m stage [32mfrom-build-pack[0m and container [32mstep-git-merge[0m
Using SHAs from PULL_REFS=master:2b6cf9ab515d016450b109092d42e6345ab37f11,1:fba599c3337cdbbb39edf134f9b83f63b73a6ad6
DEBUG: LC_ALL=C JX_LOG_LEVEL=error git fetch origin --unshallow fba599c3337cdbbb39edf134f9b83f63b73a6ad6: 2b6cf9ab515d016450b109092d42e6345ab37f11:
DEBUG: ran git fetch --unshallow origin fba599c3337cdbbb39edf134f9b83f63b73a6ad6: 2b6cf9ab515d016450b109092d42e6345ab37f11: in 
DEBUG: LC_ALL=C JX_LOG_LEVEL=error git branch
DEBUG: LC_ALL=C JX_LOG_LEVEL=error git checkout master
DEBUG: ran git checkout master in 
DEBUG: LC_ALL=C JX_LOG_LEVEL=error git reset --hard 2b6cf9ab515d016450b109092d42e6345ab37f11
DEBUG: ran git reset --hard 2b6cf9ab515d016450b109092d42e6345ab37f11 in 
DEBUG: LC_ALL=C JX_LOG_LEVEL=error git clean -fd .
DEBUG: ran clean --force -d . in 
DEBUG: LC_ALL=C JX_LOG_LEVEL=error git merge fba599c3337cdbbb39edf134f9b83f63b73a6ad6
DEBUG: ran git merge fba599c3337cdbbb39edf134f9b83f63b73a6ad6 in 
DEBUG: LC_ALL=C JX_LOG_LEVEL=error git log --format=%H%x1f%an%x1f%ae%x1f%cn%x1f%ce%x1f%s%n%b%x1e 2b6cf9ab515d016450b109092d42e6345ab37f11..HEAD
Merged SHA fba599c3337cdbbb39edf134f9b83f63b73a6ad6 with commit message 'My first PR commit' into base branch master

Showing logs for build [32mcb-kubecd-bdd-gh-1597989223-pr-fxkv6-1[0m stage [32mfrom-build-pack[0m and container [32mstep-build-make-linux[0m
CGO_ENABLED=0 GOOS=linux GOARCH=amd64 GO15VENDOREXPERIMENT=1 go build -ldflags '' -o bin/bdd-gh-1597989223 main.go

Showing logs for build [32mcb-kubecd-bdd-gh-1597989223-pr-fxkv6-1[0m stage [32mfrom-build-pack[0m and container [32mstep-build-container-build[0m
ERROR: logging before flag.Parse: E0821 06:10:14.536764      10 metadata.go:241] Failed to unmarshal scopes: json: cannot unmarshal string into Go value of type []string
[36mINFO[0m[0000] Resolved base name scratch to scratch        
[36mINFO[0m[0000] Using dockerignore file: /workspace/source/.dockerignore 
[36mINFO[0m[0000] Resolved base name scratch to scratch        
[36mINFO[0m[0000] Built cross stage deps: map[]                
[36mINFO[0m[0000] No base image, nothing to extract            
[36mINFO[0m[0000] cmd: EXPOSE                                  
[36mINFO[0m[0000] Adding exposed port: 8080/tcp                
[36mINFO[0m[0000] Checking for cached layer gcr.io/jenkins-x-labs-bdd/cache:cf8514d08d4cd470809b84840944e5a17e36c73a62bd56b8ba0e62cfa9fe7582... 
[36mINFO[0m[0001] Using caching version of cmd: COPY ./bin/ /  
[36mINFO[0m[0001] Skipping unpacking as no commands require it. 
[36mINFO[0m[0001] Taking snapshot of full filesystem...        
[36mINFO[0m[0001] Resolving paths                              
[36mINFO[0m[0001] EXPOSE 8080                                  
[36mINFO[0m[0001] cmd: EXPOSE                                  
[36mINFO[0m[0001] Adding exposed port: 8080/tcp                
[36mINFO[0m[0001] No files changed in this command, skipping snapshotting. 
[36mINFO[0m[0001] ENTRYPOINT ["/bdd-gh-1597989223"]            
[36mINFO[0m[0001] No files changed in this command, skipping snapshotting. 
[36mINFO[0m[0001] COPY ./bin/ /                                
[36mINFO[0m[0001] Found cached layer, extracting to filesystem 

Showing logs for build [32mcb-kubecd-bdd-gh-1597989223-pr-fxkv6-1[0m stage [32mfrom-build-pack[0m and container [32mstep-promote-make-preview[0m
sed -i -e "s/version:.*/version: 0.0.0-SNAPSHOT-PR-1-1/" Chart.yaml
sed -i -e "s/version:.*/version: 0.0.0-SNAPSHOT-PR-1-1/" ../*/Chart.yaml
sed -i -e "s|repository:.*|repository: gcr.io\/jenkins-x-labs-bdd\/bdd-gh-1597989223|" values.yaml
sed -i -e "s/tag:.*/tag: 0.0.0-SNAPSHOT-PR-1-1/" values.yaml
echo "  version: 0.0.0-SNAPSHOT-PR-1-1" >> requirements.yaml
** step helm build
WARNING: No $CHART_REPOSITORY defined so using the default value of: http://jenkins-x-chartmuseum:8080
Adding missing Helm repo: storage.googleapis.com https://storage.googleapis.com/chartmuseum.jenkins-x.io
Successfully added Helm repository storage.googleapis.com.
Adding missing Helm repo: jenkins-x-chartmuseum http://jenkins-x-chartmuseum:8080
Successfully added Helm repository jenkins-x-chartmuseum.
WARNING: No $CHART_REPOSITORY defined so using the default value of: http://jenkins-x-chartmuseum:8080

Showing logs for build [32mcb-kubecd-bdd-gh-1597989223-pr-fxkv6-1[0m stage [32mfrom-build-pack[0m and container [32mstep-promote-jx-preview[0m
Creating a preview
Created environment cb-kubecd-bdd-gh-1597989223-pr-1
Namespace **-cb-kubecd-bdd-gh-1597989223-pr-1 created 
expose:
  Annotations:
    helm.sh/hook: post-install,post-upgrade
    helm.sh/hook-delete-policy: hook-succeeded
  config:
    domain: 34.77.37.155.nip.io
    exposer: Ingress
    http: "true"
preview:
  image:
    repository: gcr.io/jenkins-x-labs-bdd/bdd-gh-1597989223
    tag: 0.0.0-SNAPSHOT-PR-1-1
adding helm values file /workspace/source/charts/preview/**-values.yaml for namespace **-cb-kubecd-bdd-gh-1597989223-pr-1
about to run: git clone https://github.com/jstrachan/**r-versions.git /tmp/874749374/jenkins-x-versions in dir /tmp/874749374
Cloning into '/tmp/874749374/jenkins-x-versions'...
about to run: git fetch origin 8fc09000e78e1c8e4d7d64f8fed4bca4536c2f0e in dir /tmp/874749374/jenkins-x-versions
From https://github.com/jstrachan/**r-versions
 * branch            8fc09000e78e1c8e4d7d64f8fed4bca4536c2f0e -> FETCH_HEAD
about to run: git branch -r in dir /tmp/874749374/jenkins-x-versions
origin/HEAD -> origin/master
  origin/changes
  origin/java
  origin/**3
  origin/**3v2
  origin/**3v3
  origin/kube-fixes
  origin/master
  origin/ugprades
about to run: git checkout FETCH_HEAD in dir /tmp/874749374/jenkins-x-versions
Note: checking out 'FETCH_HEAD'.

You are in 'detached HEAD' state. You can look around, make experimental
changes and commit them, and you can discard any commits you make in this
state without impacting any branches by performing another checkout.

If you want to create a new branch to retain commits you create, you may
do so (now or later) by using -b with the checkout command again. Example:

  git checkout -b <new-branch-name>

HEAD is now at 8fc0900 fix: add unit tests to verify the secret schema templates
about to run: git fetch --tags in dir /tmp/874749374/jenkins-x-versions
about to run: git describe 8fc09000e78e1c8e4d7d64f8fed4bca4536c2f0e --abbrev=0 --contains in dir /tmp/874749374/jenkins-x-versions
fatal: cannot describe '8fc09000e78e1c8e4d7d64f8fed4bca4536c2f0e'
Updating PipelineActivities cb-kubecd-bdd-gh-1597989223-pr-1-1 which has status Running
WARNING: preview application http://bdd-gh-1597989223-**-cb-kubecd-bdd-gh-1597989223-pr-1.34.77.37.155.nip.io not available, error was 503 503 Service Temporarily Unavailable, delaying for: 818.058174ms
WARNING: preview application http://bdd-gh-1597989223-**-cb-kubecd-bdd-gh-1597989223-pr-1.34.77.37.155.nip.io not available, error was 503 503 Service Temporarily Unavailable, delaying for: 1.189652786s
WARNING: preview application http://bdd-gh-1597989223-**-cb-kubecd-bdd-gh-1597989223-pr-1.34.77.37.155.nip.io not available, error was 503 503 Service Temporarily Unavailable, delaying for: 1.582170472s
Preview application is now available at: http://bdd-gh-1597989223-**-cb-kubecd-bdd-gh-1597989223-pr-1.34.77.37.155.nip.io
